# JRE version: OpenJDK Runtime Environment 18.9 (11.0.13+8) (build 11.0.13+8-LTS)
# Java VM: OpenJDK 64-Bit Server VM 18.9 (11.0.13+8-LTS, mixed mode, sharing, tiered, compressed oops, g1 gc, linux-amd64)
Heap:
 garbage-first heap   total 778240K, used 225645K [0x000000050da00000, 0x0000000800000000)
  region size 2048K, 86 young (176128K), 18 survivors (36864K)
 Metaspace       used 106148K, capacity 108962K, committed 109056K, reserved 1144832K
  class space    used 12983K, capacity 14054K, committed 14080K, reserved 1048576K
GC Heap History (16 events):
Event: 2.376 GC heap before
{Heap before GC invocations=0 (full 0):
 garbage-first heap   total 778240K, used 37576K [0x000000050da00000, 0x0000000800000000)
  region size 2048K, 18 young (36864K), 0 survivors (0K)
 Metaspace       used 6552K, capacity 8877K, committed 8960K, reserved 1056768K
  class space    used 755K, capacity 1023K, committed 1024K, reserved 1048576K
}
Event: 2.409 GC heap after
{Heap after GC invocations=1 (full 0):
 garbage-first heap   total 778240K, used 4013K [0x000000050da00000, 0x0000000800000000)
  region size 2048K, 2 young (4096K), 2 survivors (4096K)
 Metaspace       used 6552K, capacity 8877K, committed 8960K, reserved 1056768K
  class space    used 755K, capacity 1023K, committed 1024K, reserved 1048576K
}
Event: 51.774 GC heap before
{Heap before GC invocations=1 (full 0):
 garbage-first heap   total 778240K, used 358317K [0x000000050da00000, 0x0000000800000000)
  region size 2048K, 176 young (360448K), 2 survivors (4096K)
 Metaspace       used 20523K, capacity 21036K, committed 21248K, reserved 1069056K
  class space    used 2251K, capacity 2483K, committed 2560K, reserved 1048576K
}
Event: 51.993 GC heap after
{Heap after GC invocations=2 (full 0):
 garbage-first heap   total 778240K, used 42099K [0x000000050da00000, 0x0000000800000000)
  region size 2048K, 21 young (43008K), 21 survivors (43008K)
 Metaspace       used 20523K, capacity 21036K, committed 21248K, reserved 1069056K
  class space    used 2251K, capacity 2483K, committed 2560K, reserved 1048576K
}
Event: 56.921 GC heap before
{Heap before GC invocations=3 (full 0):
 garbage-first heap   total 778240K, used 124019K [0x000000050da00000, 0x0000000800000000)
  region size 2048K, 63 young (129024K), 21 survivors (43008K)
 Metaspace       used 34817K, capacity 35790K, committed 35840K, reserved 1081344K
  class space    used 4126K, capacity 4480K, committed 4480K, reserved 1048576K
}
Event: 57.103 GC heap after
{Heap after GC invocations=4 (full 0):
 garbage-first heap   total 778240K, used 49386K [0x000000050da00000, 0x0000000800000000)
  region size 2048K, 4 young (8192K), 4 survivors (8192K)
 Metaspace       used 34817K, capacity 35790K, committed 35840K, reserved 1081344K
  class space    used 4126K, capacity 4480K, committed 4480K, reserved 1048576K
}
Event: 76.680 GC heap before
{Heap before GC invocations=5 (full 0):
 garbage-first heap   total 778240K, used 227562K [0x000000050da00000, 0x0000000800000000)
  region size 2048K, 92 young (188416K), 4 survivors (8192K)
 Metaspace       used 50358K, capacity 51564K, committed 51968K, reserved 1095680K
  class space    used 6062K, capacity 6559K, committed 6656K, reserved 1048576K
}
Event: 76.718 GC heap after
{Heap after GC invocations=6 (full 0):
 garbage-first heap   total 778240K, used 55591K [0x000000050da00000, 0x0000000800000000)
  region size 2048K, 7 young (14336K), 7 survivors (14336K)
 Metaspace       used 50358K, capacity 51564K, committed 51968K, reserved 1095680K
  class space    used 6062K, capacity 6559K, committed 6656K, reserved 1048576K
}
Event: 84.862 GC heap before
{Heap before GC invocations=7 (full 0):
 garbage-first heap   total 778240K, used 293159K [0x000000050da00000, 0x0000000800000000)
  region size 2048K, 123 young (251904K), 7 survivors (14336K)
 Metaspace       used 69967K, capacity 71515K, committed 71936K, reserved 1112064K
  class space    used 8755K, capacity 9386K, committed 9472K, reserved 1048576K
}
Event: 84.889 GC heap after
{Heap after GC invocations=8 (full 0):
 garbage-first heap   total 778240K, used 66534K [0x000000050da00000, 0x0000000800000000)
  region size 2048K, 12 young (24576K), 12 survivors (24576K)
 Metaspace       used 69967K, capacity 71515K, committed 71936K, reserved 1112064K
  class space    used 8755K, capacity 9386K, committed 9472K, reserved 1048576K
}
Event: 94.822 GC heap before
{Heap before GC invocations=8 (full 0):
 garbage-first heap   total 778240K, used 279526K [0x000000050da00000, 0x0000000800000000)
  region size 2048K, 117 young (239616K), 12 survivors (24576K)
 Metaspace       used 85334K, capacity 87243K, committed 87424K, reserved 1124352K
  class space    used 10738K, capacity 11521K, committed 11648K, reserved 1048576K
}
Event: 94.883 GC heap after
{Heap after GC invocations=9 (full 0):
 garbage-first heap   total 778240K, used 72283K [0x000000050da00000, 0x0000000800000000)
  region size 2048K, 13 young (26624K), 13 survivors (26624K)
 Metaspace       used 85334K, capacity 87243K, committed 87424K, reserved 1124352K
  class space    used 10738K, capacity 11521K, committed 11648K, reserved 1048576K
}
Event: 1762.954 GC heap before
{Heap before GC invocations=10 (full 0):
 garbage-first heap   total 778240K, used 410203K [0x000000050da00000, 0x0000000800000000)
  region size 2048K, 178 young (364544K), 13 survivors (26624K)
 Metaspace       used 102729K, capacity 105339K, committed 105600K, reserved 1140736K
  class space    used 12912K, capacity 13931K, committed 13952K, reserved 1048576K
}
Event: 1763.000 GC heap after
{Heap after GC invocations=11 (full 0):
 garbage-first heap   total 778240K, used 80217K [0x000000050da00000, 0x0000000800000000)
  region size 2048K, 14 young (28672K), 14 survivors (28672K)
 Metaspace       used 102729K, capacity 105339K, committed 105600K, reserved 1140736K
  class space    used 12912K, capacity 13931K, committed 13952K, reserved 1048576K
}
Event: 18835.655 GC heap before
{Heap before GC invocations=11 (full 0):
 garbage-first heap   total 778240K, used 463193K [0x000000050da00000, 0x0000000800000000)
  region size 2048K, 201 young (411648K), 14 survivors (28672K)
 Metaspace       used 105760K, capacity 108517K, committed 108800K, reserved 1144832K
  class space    used 12976K, capacity 14019K, committed 14080K, reserved 1048576K
}
Event: 18835.695 GC heap after
{Heap after GC invocations=12 (full 0):
 garbage-first heap   total 778240K, used 88429K [0x000000050da00000, 0x0000000800000000)
  region size 2048K, 18 young (36864K), 18 survivors (36864K)
 Metaspace       used 105760K, capacity 108517K, committed 108800K, reserved 1144832K
  class space    used 12976K, capacity 14019K, committed 14080K, reserved 1048576K
}

